<testng-results>
  <reporter-output>
  </reporter-output>
  <suite name="Ant suite">
    <groups>
    </groups>
    <test name="Ant test">
      <class name="mybag.ExceptionThrowingTest">
        <test-method status="PASS" signature="testNegativeSize()" name="testNegativeSize" duration-ms="0" started-at="2009-11-16T22:35:01Z" finished-at="2009-11-16T22:35:01Z">
          <exception class="mybag.BagException">
            <message>
              <![CDATA[Attempting to create a Bag with size less than 1]]>
            </message>
            <full-stacktrace>
              <![CDATA[mybag.BagException: Attempting to create a Bag with size less than 1
	at mybag.ArrayBag.<init>(ArrayBag.java:31)
	at mybag.BagTestFactory$1.getInstance(BagTestFactory.java:40)
	at mybag.ExceptionThrowingTest.testNegativeSize(ExceptionThrowingTest.java:44)
	at sun.reflect.NativeMethodAccessorImpl.invoke0(Native Method)
	at sun.reflect.NativeMethodAccessorImpl.invoke(NativeMethodAccessorImpl.java:39)
	at sun.reflect.DelegatingMethodAccessorImpl.invoke(DelegatingMethodAccessorImpl.java:25)
	at java.lang.reflect.Method.invoke(Method.java:597)
	at org.testng.internal.MethodHelper.invokeMethod(MethodHelper.java:609)
	at org.testng.internal.Invoker.invokeMethod(Invoker.java:532)
	at org.testng.internal.Invoker.invokeTestMethod(Invoker.java:686)
	at org.testng.internal.Invoker.invokeTestMethods(Invoker.java:1018)
	at org.testng.internal.TestMethodWorker.invokeTestMethods(TestMethodWorker.java:128)
	at org.testng.internal.TestMethodWorker.run(TestMethodWorker.java:112)
	at org.testng.TestRunner.runWorkers(TestRunner.java:759)
	at org.testng.TestRunner.privateRun(TestRunner.java:592)
	at org.testng.TestRunner.run(TestRunner.java:486)
	at org.testng.SuiteRunner.runTest(SuiteRunner.java:332)
	at org.testng.SuiteRunner.runSequentially(SuiteRunner.java:327)
	at org.testng.SuiteRunner.privateRun(SuiteRunner.java:299)
	at org.testng.SuiteRunner.run(SuiteRunner.java:204)
	at org.testng.TestNG.createAndRunSuiteRunners(TestNG.java:912)
	at org.testng.TestNG.runSuitesLocally(TestNG.java:876)
	at org.testng.TestNG.run(TestNG.java:784)
	at org.testng.TestNG.privateMain(TestNG.java:949)
	at org.testng.TestNG.main(TestNG.java:922)
]]>
            </full-stacktrace>
          </exception>
        </test-method>
        <test-method status="PASS" signature="testNegativeSize()" name="testNegativeSize" duration-ms="1" started-at="2009-11-16T22:35:01Z" finished-at="2009-11-16T22:35:01Z">
          <exception class="mybag.BagException">
            <message>
              <![CDATA[Attempting to create a Bag with size less than 1]]>
            </message>
            <full-stacktrace>
              <![CDATA[mybag.BagException: Attempting to create a Bag with size less than 1
	at mybag.MapBag.<init>(MapBag.java:29)
	at mybag.BagTestFactory$2.getInstance(BagTestFactory.java:53)
	at mybag.ExceptionThrowingTest.testNegativeSize(ExceptionThrowingTest.java:44)
	at sun.reflect.NativeMethodAccessorImpl.invoke0(Native Method)
	at sun.reflect.NativeMethodAccessorImpl.invoke(NativeMethodAccessorImpl.java:39)
	at sun.reflect.DelegatingMethodAccessorImpl.invoke(DelegatingMethodAccessorImpl.java:25)
	at java.lang.reflect.Method.invoke(Method.java:597)
	at org.testng.internal.MethodHelper.invokeMethod(MethodHelper.java:609)
	at org.testng.internal.Invoker.invokeMethod(Invoker.java:532)
	at org.testng.internal.Invoker.invokeTestMethod(Invoker.java:686)
	at org.testng.internal.Invoker.invokeTestMethods(Invoker.java:1018)
	at org.testng.internal.TestMethodWorker.invokeTestMethods(TestMethodWorker.java:128)
	at org.testng.internal.TestMethodWorker.run(TestMethodWorker.java:112)
	at org.testng.TestRunner.runWorkers(TestRunner.java:759)
	at org.testng.TestRunner.privateRun(TestRunner.java:592)
	at org.testng.TestRunner.run(TestRunner.java:486)
	at org.testng.SuiteRunner.runTest(SuiteRunner.java:332)
	at org.testng.SuiteRunner.runSequentially(SuiteRunner.java:327)
	at org.testng.SuiteRunner.privateRun(SuiteRunner.java:299)
	at org.testng.SuiteRunner.run(SuiteRunner.java:204)
	at org.testng.TestNG.createAndRunSuiteRunners(TestNG.java:912)
	at org.testng.TestNG.runSuitesLocally(TestNG.java:876)
	at org.testng.TestNG.run(TestNG.java:784)
	at org.testng.TestNG.privateMain(TestNG.java:949)
	at org.testng.TestNG.main(TestNG.java:922)
]]>
            </full-stacktrace>
          </exception>
        </test-method>
        <test-method status="PASS" signature="tearDown()" name="tearDown" is-config="true" duration-ms="0" started-at="2009-11-16T22:35:01Z" finished-at="2009-11-16T22:35:01Z">
        </test-method>
        <test-method status="PASS" signature="tearDown()" name="tearDown" is-config="true" duration-ms="0" started-at="2009-11-16T22:35:01Z" finished-at="2009-11-16T22:35:01Z">
        </test-method>
        <test-method status="PASS" signature="tearDown()" name="tearDown" is-config="true" duration-ms="0" started-at="2009-11-16T22:35:01Z" finished-at="2009-11-16T22:35:01Z">
        </test-method>
        <test-method status="PASS" signature="tearDown()" name="tearDown" is-config="true" duration-ms="0" started-at="2009-11-16T22:35:01Z" finished-at="2009-11-16T22:35:01Z">
        </test-method>
        <test-method status="PASS" signature="tearDown()" name="tearDown" is-config="true" duration-ms="0" started-at="2009-11-16T22:35:01Z" finished-at="2009-11-16T22:35:01Z">
        </test-method>
        <test-method status="PASS" signature="tearDown()" name="tearDown" is-config="true" duration-ms="0" started-at="2009-11-16T22:35:01Z" finished-at="2009-11-16T22:35:01Z">
        </test-method>
        <test-method status="PASS" signature="testSizeTooLarge()" name="testSizeTooLarge" duration-ms="0" started-at="2009-11-16T22:35:01Z" finished-at="2009-11-16T22:35:01Z">
          <exception class="mybag.BagException">
            <message>
              <![CDATA[Attempting to create a Bag with size greater than maximum]]>
            </message>
            <full-stacktrace>
              <![CDATA[mybag.BagException: Attempting to create a Bag with size greater than maximum
	at mybag.LinkedListBag.<init>(LinkedListBag.java:36)
	at mybag.BagTestFactory$3.getInstance(BagTestFactory.java:64)
	at mybag.ExceptionThrowingTest.testSizeTooLarge(ExceptionThrowingTest.java:38)
	at sun.reflect.NativeMethodAccessorImpl.invoke0(Native Method)
	at sun.reflect.NativeMethodAccessorImpl.invoke(NativeMethodAccessorImpl.java:39)
	at sun.reflect.DelegatingMethodAccessorImpl.invoke(DelegatingMethodAccessorImpl.java:25)
	at java.lang.reflect.Method.invoke(Method.java:597)
	at org.testng.internal.MethodHelper.invokeMethod(MethodHelper.java:609)
	at org.testng.internal.Invoker.invokeMethod(Invoker.java:532)
	at org.testng.internal.Invoker.invokeTestMethod(Invoker.java:686)
	at org.testng.internal.Invoker.invokeTestMethods(Invoker.java:1018)
	at org.testng.internal.TestMethodWorker.invokeTestMethods(TestMethodWorker.java:128)
	at org.testng.internal.TestMethodWorker.run(TestMethodWorker.java:112)
	at org.testng.TestRunner.runWorkers(TestRunner.java:759)
	at org.testng.TestRunner.privateRun(TestRunner.java:592)
	at org.testng.TestRunner.run(TestRunner.java:486)
	at org.testng.SuiteRunner.runTest(SuiteRunner.java:332)
	at org.testng.SuiteRunner.runSequentially(SuiteRunner.java:327)
	at org.testng.SuiteRunner.privateRun(SuiteRunner.java:299)
	at org.testng.SuiteRunner.run(SuiteRunner.java:204)
	at org.testng.TestNG.createAndRunSuiteRunners(TestNG.java:912)
	at org.testng.TestNG.runSuitesLocally(TestNG.java:876)
	at org.testng.TestNG.run(TestNG.java:784)
	at org.testng.TestNG.privateMain(TestNG.java:949)
	at org.testng.TestNG.main(TestNG.java:922)
]]>
            </full-stacktrace>
          </exception>
        </test-method>
        <test-method status="PASS" signature="testSizeTooLarge()" name="testSizeTooLarge" duration-ms="0" started-at="2009-11-16T22:35:01Z" finished-at="2009-11-16T22:35:01Z">
          <exception class="mybag.BagException">
            <message>
              <![CDATA[Attempting to create a Bag with size greater than maximum]]>
            </message>
            <full-stacktrace>
              <![CDATA[mybag.BagException: Attempting to create a Bag with size greater than maximum
	at mybag.ArrayBag.<init>(ArrayBag.java:27)
	at mybag.BagTestFactory$1.getInstance(BagTestFactory.java:40)
	at mybag.ExceptionThrowingTest.testSizeTooLarge(ExceptionThrowingTest.java:38)
	at sun.reflect.NativeMethodAccessorImpl.invoke0(Native Method)
	at sun.reflect.NativeMethodAccessorImpl.invoke(NativeMethodAccessorImpl.java:39)
	at sun.reflect.DelegatingMethodAccessorImpl.invoke(DelegatingMethodAccessorImpl.java:25)
	at java.lang.reflect.Method.invoke(Method.java:597)
	at org.testng.internal.MethodHelper.invokeMethod(MethodHelper.java:609)
	at org.testng.internal.Invoker.invokeMethod(Invoker.java:532)
	at org.testng.internal.Invoker.invokeTestMethod(Invoker.java:686)
	at org.testng.internal.Invoker.invokeTestMethods(Invoker.java:1018)
	at org.testng.internal.TestMethodWorker.invokeTestMethods(TestMethodWorker.java:128)
	at org.testng.internal.TestMethodWorker.run(TestMethodWorker.java:112)
	at org.testng.TestRunner.runWorkers(TestRunner.java:759)
	at org.testng.TestRunner.privateRun(TestRunner.java:592)
	at org.testng.TestRunner.run(TestRunner.java:486)
	at org.testng.SuiteRunner.runTest(SuiteRunner.java:332)
	at org.testng.SuiteRunner.runSequentially(SuiteRunner.java:327)
	at org.testng.SuiteRunner.privateRun(SuiteRunner.java:299)
	at org.testng.SuiteRunner.run(SuiteRunner.java:204)
	at org.testng.TestNG.createAndRunSuiteRunners(TestNG.java:912)
	at org.testng.TestNG.runSuitesLocally(TestNG.java:876)
	at org.testng.TestNG.run(TestNG.java:784)
	at org.testng.TestNG.privateMain(TestNG.java:949)
	at org.testng.TestNG.main(TestNG.java:922)
]]>
            </full-stacktrace>
          </exception>
        </test-method>
        <test-method status="PASS" signature="testSizeTooLarge()" name="testSizeTooLarge" duration-ms="0" started-at="2009-11-16T22:35:01Z" finished-at="2009-11-16T22:35:01Z">
          <exception class="mybag.BagException">
            <message>
              <![CDATA[Attempting to create a Bag with size greater than maximum]]>
            </message>
            <full-stacktrace>
              <![CDATA[mybag.BagException: Attempting to create a Bag with size greater than maximum
	at mybag.MapBag.<init>(MapBag.java:25)
	at mybag.BagTestFactory$2.getInstance(BagTestFactory.java:53)
	at mybag.ExceptionThrowingTest.testSizeTooLarge(ExceptionThrowingTest.java:38)
	at sun.reflect.NativeMethodAccessorImpl.invoke0(Native Method)
	at sun.reflect.NativeMethodAccessorImpl.invoke(NativeMethodAccessorImpl.java:39)
	at sun.reflect.DelegatingMethodAccessorImpl.invoke(DelegatingMethodAccessorImpl.java:25)
	at java.lang.reflect.Method.invoke(Method.java:597)
	at org.testng.internal.MethodHelper.invokeMethod(MethodHelper.java:609)
	at org.testng.internal.Invoker.invokeMethod(Invoker.java:532)
	at org.testng.internal.Invoker.invokeTestMethod(Invoker.java:686)
	at org.testng.internal.Invoker.invokeTestMethods(Invoker.java:1018)
	at org.testng.internal.TestMethodWorker.invokeTestMethods(TestMethodWorker.java:128)
	at org.testng.internal.TestMethodWorker.run(TestMethodWorker.java:112)
	at org.testng.TestRunner.runWorkers(TestRunner.java:759)
	at org.testng.TestRunner.privateRun(TestRunner.java:592)
	at org.testng.TestRunner.run(TestRunner.java:486)
	at org.testng.SuiteRunner.runTest(SuiteRunner.java:332)
	at org.testng.SuiteRunner.runSequentially(SuiteRunner.java:327)
	at org.testng.SuiteRunner.privateRun(SuiteRunner.java:299)
	at org.testng.SuiteRunner.run(SuiteRunner.java:204)
	at org.testng.TestNG.createAndRunSuiteRunners(TestNG.java:912)
	at org.testng.TestNG.runSuitesLocally(TestNG.java:876)
	at org.testng.TestNG.run(TestNG.java:784)
	at org.testng.TestNG.privateMain(TestNG.java:949)
	at org.testng.TestNG.main(TestNG.java:922)
]]>
            </full-stacktrace>
          </exception>
        </test-method>
        <test-method status="PASS" signature="testNegativeSize()" name="testNegativeSize" duration-ms="0" started-at="2009-11-16T22:35:01Z" finished-at="2009-11-16T22:35:01Z">
          <exception class="mybag.BagException">
            <message>
              <![CDATA[Attempting to create a Bag with size less than 1]]>
            </message>
            <full-stacktrace>
              <![CDATA[mybag.BagException: Attempting to create a Bag with size less than 1
	at mybag.LinkedListBag.<init>(LinkedListBag.java:40)
	at mybag.BagTestFactory$3.getInstance(BagTestFactory.java:64)
	at mybag.ExceptionThrowingTest.testNegativeSize(ExceptionThrowingTest.java:44)
	at sun.reflect.NativeMethodAccessorImpl.invoke0(Native Method)
	at sun.reflect.NativeMethodAccessorImpl.invoke(NativeMethodAccessorImpl.java:39)
	at sun.reflect.DelegatingMethodAccessorImpl.invoke(DelegatingMethodAccessorImpl.java:25)
	at java.lang.reflect.Method.invoke(Method.java:597)
	at org.testng.internal.MethodHelper.invokeMethod(MethodHelper.java:609)
	at org.testng.internal.Invoker.invokeMethod(Invoker.java:532)
	at org.testng.internal.Invoker.invokeTestMethod(Invoker.java:686)
	at org.testng.internal.Invoker.invokeTestMethods(Invoker.java:1018)
	at org.testng.internal.TestMethodWorker.invokeTestMethods(TestMethodWorker.java:128)
	at org.testng.internal.TestMethodWorker.run(TestMethodWorker.java:112)
	at org.testng.TestRunner.runWorkers(TestRunner.java:759)
	at org.testng.TestRunner.privateRun(TestRunner.java:592)
	at org.testng.TestRunner.run(TestRunner.java:486)
	at org.testng.SuiteRunner.runTest(SuiteRunner.java:332)
	at org.testng.SuiteRunner.runSequentially(SuiteRunner.java:327)
	at org.testng.SuiteRunner.privateRun(SuiteRunner.java:299)
	at org.testng.SuiteRunner.run(SuiteRunner.java:204)
	at org.testng.TestNG.createAndRunSuiteRunners(TestNG.java:912)
	at org.testng.TestNG.runSuitesLocally(TestNG.java:876)
	at org.testng.TestNG.run(TestNG.java:784)
	at org.testng.TestNG.privateMain(TestNG.java:949)
	at org.testng.TestNG.main(TestNG.java:922)
]]>
            </full-stacktrace>
          </exception>
        </test-method>
        <test-method status="PASS" signature="testSizeTooSmall()" name="testSizeTooSmall" duration-ms="0" started-at="2009-11-16T22:35:01Z" finished-at="2009-11-16T22:35:01Z">
          <exception class="mybag.BagException">
            <message>
              <![CDATA[Attempting to create a Bag with size less than 1]]>
            </message>
            <full-stacktrace>
              <![CDATA[mybag.BagException: Attempting to create a Bag with size less than 1
	at mybag.ArrayBag.<init>(ArrayBag.java:31)
	at mybag.BagTestFactory$1.getInstance(BagTestFactory.java:40)
	at mybag.ExceptionThrowingTest.testSizeTooSmall(ExceptionThrowingTest.java:50)
	at sun.reflect.NativeMethodAccessorImpl.invoke0(Native Method)
	at sun.reflect.NativeMethodAccessorImpl.invoke(NativeMethodAccessorImpl.java:39)
	at sun.reflect.DelegatingMethodAccessorImpl.invoke(DelegatingMethodAccessorImpl.java:25)
	at java.lang.reflect.Method.invoke(Method.java:597)
	at org.testng.internal.MethodHelper.invokeMethod(MethodHelper.java:609)
	at org.testng.internal.Invoker.invokeMethod(Invoker.java:532)
	at org.testng.internal.Invoker.invokeTestMethod(Invoker.java:686)
	at org.testng.internal.Invoker.invokeTestMethods(Invoker.java:1018)
	at org.testng.internal.TestMethodWorker.invokeTestMethods(TestMethodWorker.java:128)
	at org.testng.internal.TestMethodWorker.run(TestMethodWorker.java:112)
	at org.testng.TestRunner.runWorkers(TestRunner.java:759)
	at org.testng.TestRunner.privateRun(TestRunner.java:592)
	at org.testng.TestRunner.run(TestRunner.java:486)
	at org.testng.SuiteRunner.runTest(SuiteRunner.java:332)
	at org.testng.SuiteRunner.runSequentially(SuiteRunner.java:327)
	at org.testng.SuiteRunner.privateRun(SuiteRunner.java:299)
	at org.testng.SuiteRunner.run(SuiteRunner.java:204)
	at org.testng.TestNG.createAndRunSuiteRunners(TestNG.java:912)
	at org.testng.TestNG.runSuitesLocally(TestNG.java:876)
	at org.testng.TestNG.run(TestNG.java:784)
	at org.testng.TestNG.privateMain(TestNG.java:949)
	at org.testng.TestNG.main(TestNG.java:922)
]]>
            </full-stacktrace>
          </exception>
        </test-method>
        <test-method status="PASS" signature="tearDown()" name="tearDown" is-config="true" duration-ms="0" started-at="2009-11-16T22:35:01Z" finished-at="2009-11-16T22:35:01Z">
        </test-method>
        <test-method status="PASS" signature="tearDown()" name="tearDown" is-config="true" duration-ms="0" started-at="2009-11-16T22:35:01Z" finished-at="2009-11-16T22:35:01Z">
        </test-method>
        <test-method status="PASS" signature="testSizeTooSmall()" name="testSizeTooSmall" duration-ms="0" started-at="2009-11-16T22:35:01Z" finished-at="2009-11-16T22:35:01Z">
          <exception class="mybag.BagException">
            <message>
              <![CDATA[Attempting to create a Bag with size less than 1]]>
            </message>
            <full-stacktrace>
              <![CDATA[mybag.BagException: Attempting to create a Bag with size less than 1
	at mybag.LinkedListBag.<init>(LinkedListBag.java:40)
	at mybag.BagTestFactory$3.getInstance(BagTestFactory.java:64)
	at mybag.ExceptionThrowingTest.testSizeTooSmall(ExceptionThrowingTest.java:50)
	at sun.reflect.NativeMethodAccessorImpl.invoke0(Native Method)
	at sun.reflect.NativeMethodAccessorImpl.invoke(NativeMethodAccessorImpl.java:39)
	at sun.reflect.DelegatingMethodAccessorImpl.invoke(DelegatingMethodAccessorImpl.java:25)
	at java.lang.reflect.Method.invoke(Method.java:597)
	at org.testng.internal.MethodHelper.invokeMethod(MethodHelper.java:609)
	at org.testng.internal.Invoker.invokeMethod(Invoker.java:532)
	at org.testng.internal.Invoker.invokeTestMethod(Invoker.java:686)
	at org.testng.internal.Invoker.invokeTestMethods(Invoker.java:1018)
	at org.testng.internal.TestMethodWorker.invokeTestMethods(TestMethodWorker.java:128)
	at org.testng.internal.TestMethodWorker.run(TestMethodWorker.java:112)
	at org.testng.TestRunner.runWorkers(TestRunner.java:759)
	at org.testng.TestRunner.privateRun(TestRunner.java:592)
	at org.testng.TestRunner.run(TestRunner.java:486)
	at org.testng.SuiteRunner.runTest(SuiteRunner.java:332)
	at org.testng.SuiteRunner.runSequentially(SuiteRunner.java:327)
	at org.testng.SuiteRunner.privateRun(SuiteRunner.java:299)
	at org.testng.SuiteRunner.run(SuiteRunner.java:204)
	at org.testng.TestNG.createAndRunSuiteRunners(TestNG.java:912)
	at org.testng.TestNG.runSuitesLocally(TestNG.java:876)
	at org.testng.TestNG.run(TestNG.java:784)
	at org.testng.TestNG.privateMain(TestNG.java:949)
	at org.testng.TestNG.main(TestNG.java:922)
]]>
            </full-stacktrace>
          </exception>
        </test-method>
        <test-method status="PASS" signature="tearDown()" name="tearDown" is-config="true" duration-ms="0" started-at="2009-11-16T22:35:01Z" finished-at="2009-11-16T22:35:01Z">
        </test-method>
        <test-method status="PASS" signature="testSizeTooSmall()" name="testSizeTooSmall" duration-ms="0" started-at="2009-11-16T22:35:01Z" finished-at="2009-11-16T22:35:01Z">
          <exception class="mybag.BagException">
            <message>
              <![CDATA[Attempting to create a Bag with size less than 1]]>
            </message>
            <full-stacktrace>
              <![CDATA[mybag.BagException: Attempting to create a Bag with size less than 1
	at mybag.MapBag.<init>(MapBag.java:29)
	at mybag.BagTestFactory$2.getInstance(BagTestFactory.java:53)
	at mybag.ExceptionThrowingTest.testSizeTooSmall(ExceptionThrowingTest.java:50)
	at sun.reflect.NativeMethodAccessorImpl.invoke0(Native Method)
	at sun.reflect.NativeMethodAccessorImpl.invoke(NativeMethodAccessorImpl.java:39)
	at sun.reflect.DelegatingMethodAccessorImpl.invoke(DelegatingMethodAccessorImpl.java:25)
	at java.lang.reflect.Method.invoke(Method.java:597)
	at org.testng.internal.MethodHelper.invokeMethod(MethodHelper.java:609)
	at org.testng.internal.Invoker.invokeMethod(Invoker.java:532)
	at org.testng.internal.Invoker.invokeTestMethod(Invoker.java:686)
	at org.testng.internal.Invoker.invokeTestMethods(Invoker.java:1018)
	at org.testng.internal.TestMethodWorker.invokeTestMethods(TestMethodWorker.java:128)
	at org.testng.internal.TestMethodWorker.run(TestMethodWorker.java:112)
	at org.testng.TestRunner.runWorkers(TestRunner.java:759)
	at org.testng.TestRunner.privateRun(TestRunner.java:592)
	at org.testng.TestRunner.run(TestRunner.java:486)
	at org.testng.SuiteRunner.runTest(SuiteRunner.java:332)
	at org.testng.SuiteRunner.runSequentially(SuiteRunner.java:327)
	at org.testng.SuiteRunner.privateRun(SuiteRunner.java:299)
	at org.testng.SuiteRunner.run(SuiteRunner.java:204)
	at org.testng.TestNG.createAndRunSuiteRunners(TestNG.java:912)
	at org.testng.TestNG.runSuitesLocally(TestNG.java:876)
	at org.testng.TestNG.run(TestNG.java:784)
	at org.testng.TestNG.privateMain(TestNG.java:949)
	at org.testng.TestNG.main(TestNG.java:922)
]]>
            </full-stacktrace>
          </exception>
        </test-method>
      </class>
      <class name="mybag.BagTest">
        <test-method status="PASS" signature="setUp()" name="setUp" is-config="true" duration-ms="2" started-at="2009-11-16T22:35:01Z" finished-at="2009-11-16T22:35:01Z">
        </test-method>
        <test-method status="PASS" signature="testAddAll()" name="testAddAll" duration-ms="1" started-at="2009-11-16T22:35:01Z" finished-at="2009-11-16T22:35:01Z">
        </test-method>
        <test-method status="PASS" signature="setUp()" name="setUp" is-config="true" duration-ms="1" started-at="2009-11-16T22:35:01Z" finished-at="2009-11-16T22:35:01Z">
        </test-method>
        <test-method status="PASS" signature="setUp()" name="setUp" is-config="true" duration-ms="1" started-at="2009-11-16T22:35:01Z" finished-at="2009-11-16T22:35:01Z">
        </test-method>
        <test-method status="PASS" signature="testAddAll()" name="testAddAll" duration-ms="0" started-at="2009-11-16T22:35:01Z" finished-at="2009-11-16T22:35:01Z">
        </test-method>
        <test-method status="PASS" signature="testAddAll()" name="testAddAll" duration-ms="1" started-at="2009-11-16T22:35:01Z" finished-at="2009-11-16T22:35:01Z">
        </test-method>
        <test-method status="PASS" signature="testAddAll2()" name="testAddAll2" duration-ms="0" started-at="2009-11-16T22:35:01Z" finished-at="2009-11-16T22:35:01Z">
        </test-method>
        <test-method status="PASS" signature="setUp()" name="setUp" is-config="true" duration-ms="0" started-at="2009-11-16T22:35:01Z" finished-at="2009-11-16T22:35:01Z">
        </test-method>
        <test-method status="PASS" signature="testAddAll2()" name="testAddAll2" duration-ms="0" started-at="2009-11-16T22:35:01Z" finished-at="2009-11-16T22:35:01Z">
        </test-method>
        <test-method status="PASS" signature="setUp()" name="setUp" is-config="true" duration-ms="0" started-at="2009-11-16T22:35:01Z" finished-at="2009-11-16T22:35:01Z">
        </test-method>
        <test-method status="PASS" signature="setUp()" name="setUp" is-config="true" duration-ms="0" started-at="2009-11-16T22:35:01Z" finished-at="2009-11-16T22:35:01Z">
        </test-method>
        <test-method status="PASS" signature="testAddAll2()" name="testAddAll2" duration-ms="0" started-at="2009-11-16T22:35:01Z" finished-at="2009-11-16T22:35:01Z">
        </test-method>
        <test-method status="PASS" signature="testContains()" name="testContains" duration-ms="1" started-at="2009-11-16T22:35:01Z" finished-at="2009-11-16T22:35:01Z">
        </test-method>
        <test-method status="PASS" signature="setUp()" name="setUp" is-config="true" duration-ms="0" started-at="2009-11-16T22:35:01Z" finished-at="2009-11-16T22:35:01Z">
        </test-method>
        <test-method status="PASS" signature="setUp()" name="setUp" is-config="true" duration-ms="0" started-at="2009-11-16T22:35:01Z" finished-at="2009-11-16T22:35:01Z">
        </test-method>
        <test-method status="PASS" signature="setUp()" name="setUp" is-config="true" duration-ms="0" started-at="2009-11-16T22:35:01Z" finished-at="2009-11-16T22:35:01Z">
        </test-method>
        <test-method status="PASS" signature="setUp()" name="setUp" is-config="true" duration-ms="0" started-at="2009-11-16T22:35:01Z" finished-at="2009-11-16T22:35:01Z">
        </test-method>
        <test-method status="PASS" signature="testEmptyIterator()" name="testEmptyIterator" duration-ms="0" started-at="2009-11-16T22:35:01Z" finished-at="2009-11-16T22:35:01Z">
        </test-method>
        <test-method status="PASS" signature="testContains()" name="testContains" duration-ms="0" started-at="2009-11-16T22:35:01Z" finished-at="2009-11-16T22:35:01Z">
        </test-method>
        <test-method status="PASS" signature="setUp()" name="setUp" is-config="true" duration-ms="0" started-at="2009-11-16T22:35:01Z" finished-at="2009-11-16T22:35:01Z">
        </test-method>
        <test-method status="PASS" signature="testEmptyIterator()" name="testEmptyIterator" duration-ms="0" started-at="2009-11-16T22:35:01Z" finished-at="2009-11-16T22:35:01Z">
        </test-method>
        <test-method status="PASS" signature="testContains()" name="testContains" duration-ms="0" started-at="2009-11-16T22:35:01Z" finished-at="2009-11-16T22:35:01Z">
        </test-method>
        <test-method status="PASS" signature="setUp()" name="setUp" is-config="true" duration-ms="1" started-at="2009-11-16T22:35:01Z" finished-at="2009-11-16T22:35:01Z">
        </test-method>
        <test-method status="PASS" signature="testEmptyIterator()" name="testEmptyIterator" duration-ms="0" started-at="2009-11-16T22:35:01Z" finished-at="2009-11-16T22:35:01Z">
        </test-method>
        <test-method status="PASS" signature="setUp()" name="setUp" is-config="true" duration-ms="0" started-at="2009-11-16T22:35:01Z" finished-at="2009-11-16T22:35:01Z">
        </test-method>
        <test-method status="PASS" signature="setUp()" name="setUp" is-config="true" duration-ms="0" started-at="2009-11-16T22:35:01Z" finished-at="2009-11-16T22:35:01Z">
        </test-method>
        <test-method status="PASS" signature="testEmptySize()" name="testEmptySize" duration-ms="0" started-at="2009-11-16T22:35:01Z" finished-at="2009-11-16T22:35:01Z">
        </test-method>
        <test-method status="PASS" signature="testEmptySize()" name="testEmptySize" duration-ms="0" started-at="2009-11-16T22:35:01Z" finished-at="2009-11-16T22:35:01Z">
        </test-method>
        <test-method status="PASS" signature="testEmptySize()" name="testEmptySize" duration-ms="0" started-at="2009-11-16T22:35:01Z" finished-at="2009-11-16T22:35:01Z">
        </test-method>
        <test-method status="PASS" signature="setUp()" name="setUp" is-config="true" duration-ms="0" started-at="2009-11-16T22:35:01Z" finished-at="2009-11-16T22:35:01Z">
        </test-method>
        <test-method status="PASS" signature="setUp()" name="setUp" is-config="true" duration-ms="0" started-at="2009-11-16T22:35:01Z" finished-at="2009-11-16T22:35:01Z">
        </test-method>
        <test-method status="PASS" signature="testOneCountOf()" name="testOneCountOf" duration-ms="0" started-at="2009-11-16T22:35:01Z" finished-at="2009-11-16T22:35:01Z">
        </test-method>
        <test-method status="PASS" signature="testOneCountOf()" name="testOneCountOf" duration-ms="0" started-at="2009-11-16T22:35:01Z" finished-at="2009-11-16T22:35:01Z">
        </test-method>
        <test-method status="PASS" signature="setUp()" name="setUp" is-config="true" duration-ms="0" started-at="2009-11-16T22:35:01Z" finished-at="2009-11-16T22:35:01Z">
        </test-method>
        <test-method status="PASS" signature="setUp()" name="setUp" is-config="true" duration-ms="0" started-at="2009-11-16T22:35:01Z" finished-at="2009-11-16T22:35:01Z">
        </test-method>
        <test-method status="PASS" signature="testOneEmptyCountOf()" name="testOneEmptyCountOf" duration-ms="0" started-at="2009-11-16T22:35:01Z" finished-at="2009-11-16T22:35:01Z">
        </test-method>
        <test-method status="PASS" signature="setUp()" name="setUp" is-config="true" duration-ms="0" started-at="2009-11-16T22:35:01Z" finished-at="2009-11-16T22:35:01Z">
        </test-method>
        <test-method status="PASS" signature="setUp()" name="setUp" is-config="true" duration-ms="0" started-at="2009-11-16T22:35:01Z" finished-at="2009-11-16T22:35:01Z">
        </test-method>
        <test-method status="PASS" signature="setUp()" name="setUp" is-config="true" duration-ms="0" started-at="2009-11-16T22:35:01Z" finished-at="2009-11-16T22:35:01Z">
        </test-method>
        <test-method status="PASS" signature="testOneEmptyCountOf()" name="testOneEmptyCountOf" duration-ms="0" started-at="2009-11-16T22:35:01Z" finished-at="2009-11-16T22:35:01Z">
        </test-method>
        <test-method status="PASS" signature="setUp()" name="setUp" is-config="true" duration-ms="0" started-at="2009-11-16T22:35:01Z" finished-at="2009-11-16T22:35:01Z">
        </test-method>
        <test-method status="PASS" signature="testOneOccurencesCountOf()" name="testOneOccurencesCountOf" duration-ms="1" started-at="2009-11-16T22:35:01Z" finished-at="2009-11-16T22:35:01Z">
        </test-method>
        <test-method status="PASS" signature="testOneCountOf()" name="testOneCountOf" duration-ms="0" started-at="2009-11-16T22:35:01Z" finished-at="2009-11-16T22:35:01Z">
        </test-method>
        <test-method status="PASS" signature="testOneEmptyCountOf()" name="testOneEmptyCountOf" duration-ms="0" started-at="2009-11-16T22:35:01Z" finished-at="2009-11-16T22:35:01Z">
        </test-method>
        <test-method status="PASS" signature="testOneRemoveOccurences()" name="testOneRemoveOccurences" duration-ms="0" started-at="2009-11-16T22:35:01Z" finished-at="2009-11-16T22:35:01Z">
        </test-method>
        <test-method status="PASS" signature="setUp()" name="setUp" is-config="true" duration-ms="1" started-at="2009-11-16T22:35:01Z" finished-at="2009-11-16T22:35:01Z">
        </test-method>
        <test-method status="PASS" signature="testOneOccurencesCountOf()" name="testOneOccurencesCountOf" duration-ms="0" started-at="2009-11-16T22:35:01Z" finished-at="2009-11-16T22:35:01Z">
        </test-method>
        <test-method status="PASS" signature="setUp()" name="setUp" is-config="true" duration-ms="0" started-at="2009-11-16T22:35:01Z" finished-at="2009-11-16T22:35:01Z">
        </test-method>
        <test-method status="PASS" signature="setUp()" name="setUp" is-config="true" duration-ms="0" started-at="2009-11-16T22:35:01Z" finished-at="2009-11-16T22:35:01Z">
        </test-method>
        <test-method status="PASS" signature="testOneOccurencesCountOf()" name="testOneOccurencesCountOf" duration-ms="0" started-at="2009-11-16T22:35:01Z" finished-at="2009-11-16T22:35:01Z">
        </test-method>
        <test-method status="PASS" signature="testOneRemoveOccurences()" name="testOneRemoveOccurences" duration-ms="0" started-at="2009-11-16T22:35:01Z" finished-at="2009-11-16T22:35:01Z">
        </test-method>
        <test-method status="PASS" signature="setUp()" name="setUp" is-config="true" duration-ms="0" started-at="2009-11-16T22:35:01Z" finished-at="2009-11-16T22:35:01Z">
        </test-method>
        <test-method status="PASS" signature="setUp()" name="setUp" is-config="true" duration-ms="0" started-at="2009-11-16T22:35:01Z" finished-at="2009-11-16T22:35:01Z">
        </test-method>
        <test-method status="PASS" signature="testOneRemoveOccurences()" name="testOneRemoveOccurences" duration-ms="0" started-at="2009-11-16T22:35:01Z" finished-at="2009-11-16T22:35:01Z">
        </test-method>
        <test-method status="PASS" signature="setUp()" name="setUp" is-config="true" duration-ms="0" started-at="2009-11-16T22:35:01Z" finished-at="2009-11-16T22:35:01Z">
        </test-method>
        <test-method status="PASS" signature="testOneSize()" name="testOneSize" duration-ms="0" started-at="2009-11-16T22:35:01Z" finished-at="2009-11-16T22:35:01Z">
        </test-method>
        <test-method status="PASS" signature="setUp()" name="setUp" is-config="true" duration-ms="0" started-at="2009-11-16T22:35:01Z" finished-at="2009-11-16T22:35:01Z">
        </test-method>
        <test-method status="PASS" signature="setUp()" name="setUp" is-config="true" duration-ms="0" started-at="2009-11-16T22:35:01Z" finished-at="2009-11-16T22:35:01Z">
        </test-method>
        <test-method status="PASS" signature="testOneSizeAddDuplicate()" name="testOneSizeAddDuplicate" duration-ms="0" started-at="2009-11-16T22:35:01Z" finished-at="2009-11-16T22:35:01Z">
        </test-method>
        <test-method status="PASS" signature="setUp()" name="setUp" is-config="true" duration-ms="0" started-at="2009-11-16T22:35:01Z" finished-at="2009-11-16T22:35:01Z">
        </test-method>
        <test-method status="PASS" signature="testOneSize()" name="testOneSize" duration-ms="0" started-at="2009-11-16T22:35:01Z" finished-at="2009-11-16T22:35:01Z">
        </test-method>
        <test-method status="PASS" signature="testOneSize()" name="testOneSize" duration-ms="0" started-at="2009-11-16T22:35:01Z" finished-at="2009-11-16T22:35:01Z">
        </test-method>
        <test-method status="PASS" signature="setUp()" name="setUp" is-config="true" duration-ms="0" started-at="2009-11-16T22:35:01Z" finished-at="2009-11-16T22:35:01Z">
        </test-method>
        <test-method status="PASS" signature="testOneSizeAddDuplicate()" name="testOneSizeAddDuplicate" duration-ms="0" started-at="2009-11-16T22:35:01Z" finished-at="2009-11-16T22:35:01Z">
        </test-method>
        <test-method status="PASS" signature="testOtherCountOf()" name="testOtherCountOf" duration-ms="0" started-at="2009-11-16T22:35:01Z" finished-at="2009-11-16T22:35:01Z">
        </test-method>
        <test-method status="PASS" signature="setUp()" name="setUp" is-config="true" duration-ms="0" started-at="2009-11-16T22:35:01Z" finished-at="2009-11-16T22:35:01Z">
        </test-method>
        <test-method status="PASS" signature="testOtherCountOf()" name="testOtherCountOf" duration-ms="0" started-at="2009-11-16T22:35:01Z" finished-at="2009-11-16T22:35:01Z">
        </test-method>
        <test-method status="PASS" signature="setUp()" name="setUp" is-config="true" duration-ms="0" started-at="2009-11-16T22:35:01Z" finished-at="2009-11-16T22:35:01Z">
        </test-method>
        <test-method status="PASS" signature="setUp()" name="setUp" is-config="true" duration-ms="0" started-at="2009-11-16T22:35:01Z" finished-at="2009-11-16T22:35:01Z">
        </test-method>
        <test-method status="PASS" signature="testOneSizeAddDuplicate()" name="testOneSizeAddDuplicate" duration-ms="0" started-at="2009-11-16T22:35:01Z" finished-at="2009-11-16T22:35:01Z">
        </test-method>
        <test-method status="PASS" signature="testOtherCountOf()" name="testOtherCountOf" duration-ms="0" started-at="2009-11-16T22:35:01Z" finished-at="2009-11-16T22:35:01Z">
        </test-method>
        <test-method status="PASS" signature="setUp()" name="setUp" is-config="true" duration-ms="0" started-at="2009-11-16T22:35:01Z" finished-at="2009-11-16T22:35:01Z">
        </test-method>
        <test-method status="PASS" signature="setUp()" name="setUp" is-config="true" duration-ms="0" started-at="2009-11-16T22:35:01Z" finished-at="2009-11-16T22:35:01Z">
        </test-method>
        <test-method status="PASS" signature="setUp()" name="setUp" is-config="true" duration-ms="0" started-at="2009-11-16T22:35:01Z" finished-at="2009-11-16T22:35:01Z">
        </test-method>
        <test-method status="PASS" signature="setUp()" name="setUp" is-config="true" duration-ms="0" started-at="2009-11-16T22:35:01Z" finished-at="2009-11-16T22:35:01Z">
        </test-method>
        <test-method status="PASS" signature="testOtherEmptyCountOf()" name="testOtherEmptyCountOf" duration-ms="0" started-at="2009-11-16T22:35:01Z" finished-at="2009-11-16T22:35:01Z">
        </test-method>
        <test-method status="PASS" signature="setUp()" name="setUp" is-config="true" duration-ms="0" started-at="2009-11-16T22:35:01Z" finished-at="2009-11-16T22:35:01Z">
        </test-method>
        <test-method status="PASS" signature="testOtherEmptyCountOf()" name="testOtherEmptyCountOf" duration-ms="0" started-at="2009-11-16T22:35:01Z" finished-at="2009-11-16T22:35:01Z">
        </test-method>
        <test-method status="PASS" signature="testOtherEmptyCountOf()" name="testOtherEmptyCountOf" duration-ms="0" started-at="2009-11-16T22:35:01Z" finished-at="2009-11-16T22:35:01Z">
        </test-method>
        <test-method status="PASS" signature="testOtherIteratorThreeNoDuplicates()" name="testOtherIteratorThreeNoDuplicates" duration-ms="0" started-at="2009-11-16T22:35:01Z" finished-at="2009-11-16T22:35:01Z">
        </test-method>
        <test-method status="PASS" signature="testOtherIteratorThreeNoDuplicates()" name="testOtherIteratorThreeNoDuplicates" duration-ms="0" started-at="2009-11-16T22:35:01Z" finished-at="2009-11-16T22:35:01Z">
        </test-method>
        <test-method status="PASS" signature="setUp()" name="setUp" is-config="true" duration-ms="0" started-at="2009-11-16T22:35:01Z" finished-at="2009-11-16T22:35:01Z">
        </test-method>
        <test-method status="PASS" signature="testOtherIteratorThreeWithDuplicates()" name="testOtherIteratorThreeWithDuplicates" duration-ms="0" started-at="2009-11-16T22:35:01Z" finished-at="2009-11-16T22:35:01Z">
        </test-method>
        <test-method status="PASS" signature="setUp()" name="setUp" is-config="true" duration-ms="0" started-at="2009-11-16T22:35:01Z" finished-at="2009-11-16T22:35:01Z">
        </test-method>
        <test-method status="PASS" signature="testOtherIteratorThreeWithDuplicates()" name="testOtherIteratorThreeWithDuplicates" duration-ms="0" started-at="2009-11-16T22:35:01Z" finished-at="2009-11-16T22:35:01Z">
        </test-method>
        <test-method status="PASS" signature="setUp()" name="setUp" is-config="true" duration-ms="0" started-at="2009-11-16T22:35:01Z" finished-at="2009-11-16T22:35:01Z">
        </test-method>
        <test-method status="PASS" signature="testOtherIteratorThreeWithDuplicates()" name="testOtherIteratorThreeWithDuplicates" duration-ms="0" started-at="2009-11-16T22:35:01Z" finished-at="2009-11-16T22:35:01Z">
        </test-method>
        <test-method status="PASS" signature="testOtherIteratorThreeNoDuplicates()" name="testOtherIteratorThreeNoDuplicates" duration-ms="0" started-at="2009-11-16T22:35:01Z" finished-at="2009-11-16T22:35:01Z">
        </test-method>
        <test-method status="PASS" signature="setUp()" name="setUp" is-config="true" duration-ms="0" started-at="2009-11-16T22:35:01Z" finished-at="2009-11-16T22:35:01Z">
        </test-method>
        <test-method status="PASS" signature="setUp()" name="setUp" is-config="true" duration-ms="0" started-at="2009-11-16T22:35:01Z" finished-at="2009-11-16T22:35:01Z">
        </test-method>
        <test-method status="PASS" signature="testOtherIteratorTwoWithDuplicates()" name="testOtherIteratorTwoWithDuplicates" duration-ms="1" started-at="2009-11-16T22:35:01Z" finished-at="2009-11-16T22:35:01Z">
        </test-method>
        <test-method status="PASS" signature="testOtherIteratorTwoNoDuplicates()" name="testOtherIteratorTwoNoDuplicates" duration-ms="0" started-at="2009-11-16T22:35:01Z" finished-at="2009-11-16T22:35:01Z">
        </test-method>
        <test-method status="PASS" signature="setUp()" name="setUp" is-config="true" duration-ms="0" started-at="2009-11-16T22:35:01Z" finished-at="2009-11-16T22:35:01Z">
        </test-method>
        <test-method status="PASS" signature="setUp()" name="setUp" is-config="true" duration-ms="0" started-at="2009-11-16T22:35:01Z" finished-at="2009-11-16T22:35:01Z">
        </test-method>
        <test-method status="PASS" signature="testOtherIteratorTwoNoDuplicates()" name="testOtherIteratorTwoNoDuplicates" duration-ms="0" started-at="2009-11-16T22:35:01Z" finished-at="2009-11-16T22:35:01Z">
        </test-method>
        <test-method status="PASS" signature="setUp()" name="setUp" is-config="true" duration-ms="0" started-at="2009-11-16T22:35:01Z" finished-at="2009-11-16T22:35:01Z">
        </test-method>
        <test-method status="PASS" signature="testOtherIteratorTwoWithDuplicates()" name="testOtherIteratorTwoWithDuplicates" duration-ms="0" started-at="2009-11-16T22:35:01Z" finished-at="2009-11-16T22:35:01Z">
        </test-method>
        <test-method status="PASS" signature="setUp()" name="setUp" is-config="true" duration-ms="0" started-at="2009-11-16T22:35:01Z" finished-at="2009-11-16T22:35:01Z">
        </test-method>
        <test-method status="PASS" signature="setUp()" name="setUp" is-config="true" duration-ms="0" started-at="2009-11-16T22:35:01Z" finished-at="2009-11-16T22:35:01Z">
        </test-method>
        <test-method status="PASS" signature="testOtherIteratorTwoNoDuplicates()" name="testOtherIteratorTwoNoDuplicates" duration-ms="0" started-at="2009-11-16T22:35:01Z" finished-at="2009-11-16T22:35:01Z">
        </test-method>
        <test-method status="PASS" signature="setUp()" name="setUp" is-config="true" duration-ms="0" started-at="2009-11-16T22:35:01Z" finished-at="2009-11-16T22:35:01Z">
        </test-method>
        <test-method status="PASS" signature="testOtherIteratorTwoWithDuplicates()" name="testOtherIteratorTwoWithDuplicates" duration-ms="0" started-at="2009-11-16T22:35:01Z" finished-at="2009-11-16T22:35:01Z">
        </test-method>
        <test-method status="PASS" signature="setUp()" name="setUp" is-config="true" duration-ms="0" started-at="2009-11-16T22:35:01Z" finished-at="2009-11-16T22:35:01Z">
        </test-method>
        <test-method status="PASS" signature="setUp()" name="setUp" is-config="true" duration-ms="0" started-at="2009-11-16T22:35:01Z" finished-at="2009-11-16T22:35:01Z">
        </test-method>
        <test-method status="PASS" signature="setUp()" name="setUp" is-config="true" duration-ms="0" started-at="2009-11-16T22:35:01Z" finished-at="2009-11-16T22:35:01Z">
        </test-method>
        <test-method status="PASS" signature="testOtherOccurencesCountOf()" name="testOtherOccurencesCountOf" duration-ms="0" started-at="2009-11-16T22:35:01Z" finished-at="2009-11-16T22:35:01Z">
        </test-method>
        <test-method status="PASS" signature="setUp()" name="setUp" is-config="true" duration-ms="0" started-at="2009-11-16T22:35:01Z" finished-at="2009-11-16T22:35:01Z">
        </test-method>
        <test-method status="PASS" signature="testOtherOccurencesCountOf()" name="testOtherOccurencesCountOf" duration-ms="0" started-at="2009-11-16T22:35:01Z" finished-at="2009-11-16T22:35:01Z">
        </test-method>
        <test-method status="PASS" signature="testOtherOccurencesCountOf()" name="testOtherOccurencesCountOf" duration-ms="0" started-at="2009-11-16T22:35:01Z" finished-at="2009-11-16T22:35:01Z">
        </test-method>
        <test-method status="PASS" signature="testOtherRemoveOccurences()" name="testOtherRemoveOccurences" duration-ms="0" started-at="2009-11-16T22:35:01Z" finished-at="2009-11-16T22:35:01Z">
        </test-method>
        <test-method status="PASS" signature="testOtherSize()" name="testOtherSize" duration-ms="0" started-at="2009-11-16T22:35:01Z" finished-at="2009-11-16T22:35:01Z">
        </test-method>
        <test-method status="PASS" signature="setUp()" name="setUp" is-config="true" duration-ms="0" started-at="2009-11-16T22:35:01Z" finished-at="2009-11-16T22:35:01Z">
        </test-method>
        <test-method status="PASS" signature="setUp()" name="setUp" is-config="true" duration-ms="0" started-at="2009-11-16T22:35:01Z" finished-at="2009-11-16T22:35:01Z">
        </test-method>
        <test-method status="PASS" signature="testOtherSize()" name="testOtherSize" duration-ms="0" started-at="2009-11-16T22:35:01Z" finished-at="2009-11-16T22:35:01Z">
        </test-method>
        <test-method status="PASS" signature="testOtherRemoveOccurences()" name="testOtherRemoveOccurences" duration-ms="0" started-at="2009-11-16T22:35:01Z" finished-at="2009-11-16T22:35:01Z">
        </test-method>
        <test-method status="PASS" signature="setUp()" name="setUp" is-config="true" duration-ms="0" started-at="2009-11-16T22:35:01Z" finished-at="2009-11-16T22:35:01Z">
        </test-method>
        <test-method status="PASS" signature="testOtherSize()" name="testOtherSize" duration-ms="0" started-at="2009-11-16T22:35:01Z" finished-at="2009-11-16T22:35:01Z">
        </test-method>
        <test-method status="PASS" signature="setUp()" name="setUp" is-config="true" duration-ms="0" started-at="2009-11-16T22:35:01Z" finished-at="2009-11-16T22:35:01Z">
        </test-method>
        <test-method status="PASS" signature="setUp()" name="setUp" is-config="true" duration-ms="0" started-at="2009-11-16T22:35:01Z" finished-at="2009-11-16T22:35:01Z">
        </test-method>
        <test-method status="PASS" signature="testOtherRemoveOccurences()" name="testOtherRemoveOccurences" duration-ms="0" started-at="2009-11-16T22:35:01Z" finished-at="2009-11-16T22:35:01Z">
        </test-method>
        <test-method status="PASS" signature="setUp()" name="setUp" is-config="true" duration-ms="0" started-at="2009-11-16T22:35:01Z" finished-at="2009-11-16T22:35:01Z">
        </test-method>
        <test-method status="PASS" signature="testOtherSizeDecrease()" name="testOtherSizeDecrease" duration-ms="0" started-at="2009-11-16T22:35:01Z" finished-at="2009-11-16T22:35:01Z">
        </test-method>
        <test-method status="PASS" signature="setUp()" name="setUp" is-config="true" duration-ms="0" started-at="2009-11-16T22:35:01Z" finished-at="2009-11-16T22:35:01Z">
        </test-method>
        <test-method status="PASS" signature="testOtherSizeAddDuplicate()" name="testOtherSizeAddDuplicate" duration-ms="0" started-at="2009-11-16T22:35:01Z" finished-at="2009-11-16T22:35:01Z">
        </test-method>
        <test-method status="PASS" signature="setUp()" name="setUp" is-config="true" duration-ms="0" started-at="2009-11-16T22:35:01Z" finished-at="2009-11-16T22:35:01Z">
        </test-method>
        <test-method status="PASS" signature="setUp()" name="setUp" is-config="true" duration-ms="0" started-at="2009-11-16T22:35:01Z" finished-at="2009-11-16T22:35:01Z">
        </test-method>
        <test-method status="PASS" signature="testOtherSizeAddDuplicate()" name="testOtherSizeAddDuplicate" duration-ms="0" started-at="2009-11-16T22:35:01Z" finished-at="2009-11-16T22:35:01Z">
        </test-method>
        <test-method status="PASS" signature="setUp()" name="setUp" is-config="true" duration-ms="1" started-at="2009-11-16T22:35:01Z" finished-at="2009-11-16T22:35:01Z">
        </test-method>
        <test-method status="PASS" signature="testOtherSizeDecrease()" name="testOtherSizeDecrease" duration-ms="0" started-at="2009-11-16T22:35:01Z" finished-at="2009-11-16T22:35:01Z">
        </test-method>
        <test-method status="PASS" signature="testOtherSizeAddDuplicate()" name="testOtherSizeAddDuplicate" duration-ms="0" started-at="2009-11-16T22:35:01Z" finished-at="2009-11-16T22:35:01Z">
        </test-method>
        <test-method status="PASS" signature="setUp()" name="setUp" is-config="true" duration-ms="0" started-at="2009-11-16T22:35:01Z" finished-at="2009-11-16T22:35:01Z">
        </test-method>
        <test-method status="PASS" signature="setUp()" name="setUp" is-config="true" duration-ms="0" started-at="2009-11-16T22:35:01Z" finished-at="2009-11-16T22:35:01Z">
        </test-method>
        <test-method status="PASS" signature="testOtherToString()" name="testOtherToString" duration-ms="0" started-at="2009-11-16T22:35:01Z" finished-at="2009-11-16T22:35:01Z">
        </test-method>
        <test-method status="PASS" signature="testOtherSizeDecrease()" name="testOtherSizeDecrease" duration-ms="0" started-at="2009-11-16T22:35:01Z" finished-at="2009-11-16T22:35:01Z">
        </test-method>
        <test-method status="PASS" signature="setUp()" name="setUp" is-config="true" duration-ms="0" started-at="2009-11-16T22:35:01Z" finished-at="2009-11-16T22:35:01Z">
        </test-method>
        <test-method status="PASS" signature="setUp()" name="setUp" is-config="true" duration-ms="0" started-at="2009-11-16T22:35:01Z" finished-at="2009-11-16T22:35:01Z">
        </test-method>
        <test-method status="PASS" signature="testOtherToString()" name="testOtherToString" duration-ms="0" started-at="2009-11-16T22:35:01Z" finished-at="2009-11-16T22:35:01Z">
        </test-method>
        <test-method status="PASS" signature="testOtherToString()" name="testOtherToString" duration-ms="0" started-at="2009-11-16T22:35:01Z" finished-at="2009-11-16T22:35:01Z">
        </test-method>
        <test-method status="PASS" signature="setUp()" name="setUp" is-config="true" duration-ms="0" started-at="2009-11-16T22:35:01Z" finished-at="2009-11-16T22:35:01Z">
        </test-method>
        <test-method status="PASS" signature="testSizeDecrease()" name="testSizeDecrease" duration-ms="0" started-at="2009-11-16T22:35:01Z" finished-at="2009-11-16T22:35:01Z">
        </test-method>
        <test-method status="PASS" signature="setUp()" name="setUp" is-config="true" duration-ms="0" started-at="2009-11-16T22:35:01Z" finished-at="2009-11-16T22:35:01Z">
        </test-method>
        <test-method status="PASS" signature="testSizeDecrease()" name="testSizeDecrease" duration-ms="0" started-at="2009-11-16T22:35:01Z" finished-at="2009-11-16T22:35:01Z">
        </test-method>
        <test-method status="PASS" signature="testSizeDecrease()" name="testSizeDecrease" duration-ms="0" started-at="2009-11-16T22:35:01Z" finished-at="2009-11-16T22:35:01Z">
        </test-method>
        <test-method status="PASS" signature="setUp()" name="setUp" is-config="true" duration-ms="0" started-at="2009-11-16T22:35:01Z" finished-at="2009-11-16T22:35:01Z">
        </test-method>
        <test-method status="PASS" signature="setUp()" name="setUp" is-config="true" duration-ms="0" started-at="2009-11-16T22:35:01Z" finished-at="2009-11-16T22:35:01Z">
        </test-method>
        <test-method status="PASS" signature="setUp()" name="setUp" is-config="true" duration-ms="0" started-at="2009-11-16T22:35:01Z" finished-at="2009-11-16T22:35:01Z">
        </test-method>
        <test-method status="PASS" signature="testSubtract()" name="testSubtract" duration-ms="0" started-at="2009-11-16T22:35:01Z" finished-at="2009-11-16T22:35:01Z">
        </test-method>
        <test-method status="PASS" signature="testSubtract()" name="testSubtract" duration-ms="0" started-at="2009-11-16T22:35:01Z" finished-at="2009-11-16T22:35:01Z">
        </test-method>
        <test-method status="PASS" signature="testSubtract()" name="testSubtract" duration-ms="0" started-at="2009-11-16T22:35:01Z" finished-at="2009-11-16T22:35:01Z">
        </test-method>
        <test-method status="PASS" signature="setUp()" name="setUp" is-config="true" duration-ms="0" started-at="2009-11-16T22:35:01Z" finished-at="2009-11-16T22:35:01Z">
        </test-method>
      </class>
    </test>
  </suite>
</testng-results>
